<?xml version="1.0" encoding="UTF-8"?>
<testsuite name="com.cn.jxf.test.StudentTest" time="0.129" tests="5" errors="0" skipped="0" failures="0">
  <properties>
[...]
</properties>
  <testcase name="cl2" classname="com.cn.jxf.test.StudentTest" time="0.006"/>
  <testcase name="demo" classname="com.cn.jxf.test.StudentTest" time="0"/>
  <testcase name="test" classname="com.cn.jxf.test.StudentTest" time="0.026"/>
  <testcase name="demo2" classname="com.cn.jxf.test.StudentTest" time="0"/>
  <testcase name="fastJson" classname="com.cn.jxf.test.StudentTest" time="0.097"/>
</testsuite>